C:\Program Files (x86)\Microsoft Visual Studio\2017\Community\Common7\IDE\VC\VCTargets\Microsoft.CppBuild.targets(377,5): warning MSB8004: Output Directory does not end with a trailing slash.  This build instance will add the slash as it is required to allow proper evaluation of the Output Directory.
  stdafx.cpp
  PIMain.cpp
  ElementsProc.cpp
c:\program files (x86)\samples\ribbonelements\ribbonelements\newflashcard.h(13): warning C4091: 'extern ': ignored on left of 'card' when no variable is declared
c:\program files (x86)\samples\ribbonelements\ribbonelements\elementsproc.cpp(157): warning C4018: '<': signed/unsigned mismatch
c:\program files (x86)\samples\ribbonelements\ribbonelements\elementsproc.cpp(175): warning C4018: '<': signed/unsigned mismatch
c:\program files (x86)\samples\ribbonelements\ribbonelements\elementsproc.cpp(207): warning C4018: '>=': signed/unsigned mismatch
  FFlashcard.cpp
  NewFlashcard.cpp
c:\program files (x86)\samples\ribbonelements\ribbonelements\newflashcard.h(13): warning C4091: 'extern ': ignored on left of 'card' when no variable is declared
  PropertySheetPageDlg.cpp
  quizBox.cpp
c:\program files (x86)\samples\ribbonelements\ribbonelements\newflashcard.h(13): warning C4091: 'extern ': ignored on left of 'card' when no variable is declared
c:\program files (x86)\samples\ribbonelements\ribbonelements\quizbox.cpp(68): warning C4305: 'argument': truncation from 'double' to 'FS_FLOAT'
c:\program files (x86)\samples\ribbonelements\ribbonelements\quizbox.cpp(116): warning C4018: '<': signed/unsigned mismatch
c:\program files (x86)\samples\ribbonelements\ribbonelements\quizbox.cpp(134): warning C4018: '<': signed/unsigned mismatch
  resultBox.cpp
c:\program files (x86)\samples\ribbonelements\ribbonelements\newflashcard.h(13): warning C4091: 'extern ': ignored on left of 'card' when no variable is declared
c:\program files (x86)\samples\ribbonelements\ribbonelements\resultbox.cpp(26): warning C4018: '<': signed/unsigned mismatch
c:\program files (x86)\samples\ribbonelements\ribbonelements\resultbox.cpp(97): warning C4018: '<': signed/unsigned mismatch
  RibbonElements.cpp
c:\program files (x86)\samples\ribbonelements\ribbonelements\newflashcard.h(13): warning C4091: 'extern ': ignored on left of 'card' when no variable is declared
  Generating Code...
     Creating library C:\Program Files (x86)\Foxit Software\Foxit PDF Editor\plugins\RibbonElements.lib and object C:\Program Files (x86)\Foxit Software\Foxit PDF Editor\plugins\RibbonElements.exp
  RibbonElements.vcxproj -> C:\Program Files (x86)\Foxit Software\Foxit PDF Editor\plugins\RibbonElements.fpi
  
  
  Secceed to sign the plugin!
  
  
  
