c:\program files (x86)\samples\ribbonelements\ribbonelements\debug\ribbonelements.pch
c:\program files (x86)\samples\ribbonelements\ribbonelements\debug\vc141.pdb
c:\program files (x86)\samples\ribbonelements\ribbonelements\debug\stdafx.obj
c:\program files (x86)\samples\ribbonelements\ribbonelements\debug\ribbonelements.obj
c:\program files (x86)\samples\ribbonelements\ribbonelements\debug\quizbox.obj
c:\program files (x86)\samples\ribbonelements\ribbonelements\debug\propertysheetpagedlg.obj
c:\program files (x86)\samples\ribbonelements\ribbonelements\debug\newflashcard.obj
c:\program files (x86)\samples\ribbonelements\ribbonelements\debug\fflashcard.obj
c:\program files (x86)\samples\ribbonelements\ribbonelements\debug\elementsproc.obj
c:\program files (x86)\samples\ribbonelements\ribbonelements\debug\pimain.obj
c:\program files (x86)\foxit software\foxit phantompdf\plugins\ribbonelements.ilk
c:\program files (x86)\foxit software\foxit phantompdf\plugins\ribbonelements.fpi
c:\program files (x86)\samples\ribbonelements\ribbonelements\debug\ribbonelements.fpi.intermediate.manifest
c:\program files (x86)\foxit software\foxit phantompdf\plugins\ribbonelements.pdb
c:\program files (x86)\foxit software\foxit phantompdf\plugins\ribbonelements.fpi.manifest
c:\program files (x86)\samples\ribbonelements\ribbonelements\debug\ribbonelements.res
c:\program files (x86)\foxit software\foxit phantompdf\plugins\ribbonelements.lib
c:\program files (x86)\foxit software\foxit phantompdf\plugins\ribbonelements.exp
c:\program files (x86)\samples\ribbonelements\ribbonelements\debug\ribbonelements.tlog\cl.command.1.tlog
c:\program files (x86)\samples\ribbonelements\ribbonelements\debug\ribbonelements.tlog\cl.read.1.tlog
c:\program files (x86)\samples\ribbonelements\ribbonelements\debug\ribbonelements.tlog\cl.write.1.tlog
c:\program files (x86)\samples\ribbonelements\ribbonelements\debug\ribbonelements.tlog\link.command.1.tlog
c:\program files (x86)\samples\ribbonelements\ribbonelements\debug\ribbonelements.tlog\link.read.1.tlog
c:\program files (x86)\samples\ribbonelements\ribbonelements\debug\ribbonelements.tlog\link.write.1.tlog
c:\program files (x86)\samples\ribbonelements\ribbonelements\debug\ribbonelements.tlog\mt.command.1.tlog
c:\program files (x86)\samples\ribbonelements\ribbonelements\debug\ribbonelements.tlog\mt.read.1.tlog
c:\program files (x86)\samples\ribbonelements\ribbonelements\debug\ribbonelements.tlog\mt.write.1.tlog
c:\program files (x86)\samples\ribbonelements\ribbonelements\debug\ribbonelements.tlog\rc.command.1.tlog
c:\program files (x86)\samples\ribbonelements\ribbonelements\debug\ribbonelements.tlog\rc.read.1.tlog
c:\program files (x86)\samples\ribbonelements\ribbonelements\debug\ribbonelements.tlog\rc.write.1.tlog
c:\program files (x86)\samples\ribbonelements\ribbonelements\debug\ribbonelements.tlog\ribbonelements.write.1u.tlog
